# JRE version: OpenJDK Runtime Environment (11.0.10) (build 11.0.10+0-b96-7249189)
# Java VM: OpenJDK 64-Bit Server VM (11.0.10+0-b96-7249189, mixed mode, tiered, compressed oops, g1 gc, windows-amd64)
Heap:
 garbage-first heap   total 273408K, used 163774K [0x0000000080000000, 0x0000000100000000)
  region size 1024K, 20 young (20480K), 6 survivors (6144K)
 Metaspace       used 138741K, capacity 142072K, committed 142284K, reserved 1173504K
  class space    used 17129K, capacity 18389K, committed 18432K, reserved 1048576K
GC Heap History (20 events):
Event: 5578.005 GC heap before
{Heap before GC invocations=92 (full 0):
 garbage-first heap   total 273408K, used 187790K [0x0000000080000000, 0x0000000100000000)
  region size 1024K, 41 young (41984K), 1 survivors (1024K)
 Metaspace       used 137890K, capacity 141082K, committed 141132K, reserved 1171456K
  class space    used 17055K, capacity 18286K, committed 18304K, reserved 1048576K
}
Event: 5578.012 GC heap after
{Heap after GC invocations=93 (full 0):
 garbage-first heap   total 273408K, used 149586K [0x0000000080000000, 0x0000000100000000)
  region size 1024K, 3 young (3072K), 3 survivors (3072K)
 Metaspace       used 137890K, capacity 141082K, committed 141132K, reserved 1171456K
  class space    used 17055K, capacity 18286K, committed 18304K, reserved 1048576K
}
Event: 5579.874 GC heap before
{Heap before GC invocations=94 (full 0):
 garbage-first heap   total 273408K, used 223314K [0x0000000080000000, 0x0000000100000000)
  region size 1024K, 74 young (75776K), 3 survivors (3072K)
 Metaspace       used 138168K, capacity 141404K, committed 141516K, reserved 1173504K
  class space    used 17089K, capacity 18364K, committed 18432K, reserved 1048576K
}
Event: 5579.882 GC heap after
{Heap after GC invocations=95 (full 0):
 garbage-first heap   total 273408K, used 148515K [0x0000000080000000, 0x0000000100000000)
  region size 1024K, 2 young (2048K), 2 survivors (2048K)
 Metaspace       used 138168K, capacity 141404K, committed 141516K, reserved 1173504K
  class space    used 17089K, capacity 18364K, committed 18432K, reserved 1048576K
}
Event: 5580.128 GC heap before
{Heap before GC invocations=95 (full 0):
 garbage-first heap   total 273408K, used 159779K [0x0000000080000000, 0x0000000100000000)
  region size 1024K, 13 young (13312K), 2 survivors (2048K)
 Metaspace       used 138168K, capacity 141404K, committed 141516K, reserved 1173504K
  class space    used 17089K, capacity 18364K, committed 18432K, reserved 1048576K
}
Event: 5580.137 GC heap after
{Heap after GC invocations=96 (full 0):
 garbage-first heap   total 273408K, used 147636K [0x0000000080000000, 0x0000000100000000)
  region size 1024K, 1 young (1024K), 1 survivors (1024K)
 Metaspace       used 138168K, capacity 141404K, committed 141516K, reserved 1173504K
  class space    used 17089K, capacity 18364K, committed 18432K, reserved 1048576K
}
Event: 5582.333 GC heap before
{Heap before GC invocations=96 (full 0):
 garbage-first heap   total 273408K, used 225460K [0x0000000080000000, 0x0000000100000000)
  region size 1024K, 77 young (78848K), 1 survivors (1024K)
 Metaspace       used 138172K, capacity 141405K, committed 141516K, reserved 1173504K
  class space    used 17089K, capacity 18364K, committed 18432K, reserved 1048576K
}
Event: 5582.340 GC heap after
{Heap after GC invocations=97 (full 0):
 garbage-first heap   total 273408K, used 148692K [0x0000000080000000, 0x0000000100000000)
  region size 1024K, 2 young (2048K), 2 survivors (2048K)
 Metaspace       used 138172K, capacity 141405K, committed 141516K, reserved 1173504K
  class space    used 17089K, capacity 18364K, committed 18432K, reserved 1048576K
}
Event: 5584.042 GC heap before
{Heap before GC invocations=98 (full 0):
 garbage-first heap   total 273408K, used 227540K [0x0000000080000000, 0x0000000100000000)
  region size 1024K, 79 young (80896K), 2 survivors (2048K)
 Metaspace       used 138184K, capacity 141405K, committed 141516K, reserved 1173504K
  class space    used 17089K, capacity 18364K, committed 18432K, reserved 1048576K
}
Event: 5584.049 GC heap after
{Heap after GC invocations=99 (full 0):
 garbage-first heap   total 273408K, used 148437K [0x0000000080000000, 0x0000000100000000)
  region size 1024K, 2 young (2048K), 2 survivors (2048K)
 Metaspace       used 138184K, capacity 141405K, committed 141516K, reserved 1173504K
  class space    used 17089K, capacity 18364K, committed 18432K, reserved 1048576K
}
Event: 5584.324 GC heap before
{Heap before GC invocations=99 (full 0):
 garbage-first heap   total 273408K, used 159701K [0x0000000080000000, 0x0000000100000000)
  region size 1024K, 13 young (13312K), 2 survivors (2048K)
 Metaspace       used 138184K, capacity 141405K, committed 141516K, reserved 1173504K
  class space    used 17089K, capacity 18364K, committed 18432K, reserved 1048576K
}
Event: 5584.374 GC heap after
{Heap after GC invocations=100 (full 0):
 garbage-first heap   total 273408K, used 141937K [0x0000000080000000, 0x0000000100000000)
  region size 1024K, 2 young (2048K), 2 survivors (2048K)
 Metaspace       used 138184K, capacity 141405K, committed 141516K, reserved 1173504K
  class space    used 17089K, capacity 18364K, committed 18432K, reserved 1048576K
}
Event: 5585.795 GC heap before
{Heap before GC invocations=100 (full 0):
 garbage-first heap   total 273408K, used 224881K [0x0000000080000000, 0x0000000100000000)
  region size 1024K, 83 young (84992K), 2 survivors (2048K)
 Metaspace       used 138198K, capacity 141472K, committed 141772K, reserved 1173504K
  class space    used 17089K, capacity 18365K, committed 18432K, reserved 1048576K
}
Event: 5585.806 GC heap after
{Heap after GC invocations=101 (full 0):
 garbage-first heap   total 273408K, used 142715K [0x0000000080000000, 0x0000000100000000)
  region size 1024K, 2 young (2048K), 2 survivors (2048K)
 Metaspace       used 138198K, capacity 141472K, committed 141772K, reserved 1173504K
  class space    used 17089K, capacity 18365K, committed 18432K, reserved 1048576K
}
Event: 5586.969 GC heap before
{Heap before GC invocations=102 (full 0):
 garbage-first heap   total 273408K, used 227707K [0x0000000080000000, 0x0000000100000000)
  region size 1024K, 85 young (87040K), 2 survivors (2048K)
 Metaspace       used 138214K, capacity 141485K, committed 141772K, reserved 1173504K
  class space    used 17092K, capacity 18370K, committed 18432K, reserved 1048576K
}
Event: 5586.978 GC heap after
{Heap after GC invocations=103 (full 0):
 garbage-first heap   total 273408K, used 143262K [0x0000000080000000, 0x0000000100000000)
  region size 1024K, 3 young (3072K), 3 survivors (3072K)
 Metaspace       used 138214K, capacity 141485K, committed 141772K, reserved 1173504K
  class space    used 17092K, capacity 18370K, committed 18432K, reserved 1048576K
}
Event: 5587.110 GC heap before
{Heap before GC invocations=103 (full 0):
 garbage-first heap   total 273408K, used 153502K [0x0000000080000000, 0x0000000100000000)
  region size 1024K, 13 young (13312K), 3 survivors (3072K)
 Metaspace       used 138214K, capacity 141485K, committed 141772K, reserved 1173504K
  class space    used 17092K, capacity 18370K, committed 18432K, reserved 1048576K
}
Event: 5587.128 GC heap after
{Heap after GC invocations=104 (full 0):
 garbage-first heap   total 273408K, used 142137K [0x0000000080000000, 0x0000000100000000)
  region size 1024K, 2 young (2048K), 2 survivors (2048K)
 Metaspace       used 138214K, capacity 141485K, committed 141772K, reserved 1173504K
  class space    used 17092K, capacity 18370K, committed 18432K, reserved 1048576K
}
Event: 5590.124 GC heap before
{Heap before GC invocations=104 (full 0):
 garbage-first heap   total 273408K, used 201529K [0x0000000080000000, 0x0000000100000000)
  region size 1024K, 62 young (63488K), 2 survivors (2048K)
 Metaspace       used 138395K, capacity 141675K, committed 141772K, reserved 1173504K
  class space    used 17095K, capacity 18375K, committed 18432K, reserved 1048576K
}
Event: 5590.150 GC heap after
{Heap after GC invocations=105 (full 0):
 garbage-first heap   total 273408K, used 146366K [0x0000000080000000, 0x0000000100000000)
  region size 1024K, 6 young (6144K), 6 survivors (6144K)
 Metaspace       used 138395K, capacity 141675K, committed 141772K, reserved 1173504K
  class space    used 17095K, capacity 18375K, committed 18432K, reserved 1048576K
}

